This file contains any messages produced by compilers while
running configure, to aid debugging if configure makes a mistake.

It was created by util-linux-ng configure 2.13.1, which was
generated by GNU Autoconf 2.61.  Invocation command line was

  $ ./configure 

## --------- ##
## Platform. ##
## --------- ##

hostname = luo-laptop
uname -m = x86_64
uname -r = 2.6.24-21-generic
uname -s = Linux
uname -v = #1 SMP Tue Oct 21 23:09:30 UTC 2008

/usr/bin/uname -p = unknown
/bin/uname -X     = unknown

/bin/arch              = unknown
/usr/bin/arch -k       = unknown
/usr/convex/getsysinfo = unknown
/usr/bin/hostinfo      = unknown
/bin/machine           = unknown
/usr/bin/oslevel       = unknown
/bin/universe          = unknown

PATH: /home/luo/bin
PATH: /opt/rtems-4.7/bin/
PATH: /opt/arm-softfloat-linux-gnu/bin
PATH: /opt/ecostools/gnutools/arm-elf/bin
PATH: /opt/ecostools/tools/bin
PATH: /usr/local/arm/3.4.1/bin
PATH: /opt/freescale/usr/local/gcc-4.1.2-glibc-2.5-nptl-3/arm-none-linux-gnueabi/bin
PATH: /usr/local/sbin
PATH: /usr/local/bin
PATH: /usr/sbin
PATH: /usr/bin
PATH: /sbin
PATH: /bin
PATH: /usr/games


## ----------- ##
## Core tests. ##
## ----------- ##

configure:1947: checking for a BSD-compatible install
configure:2003: result: /usr/bin/install -c
configure:2014: checking whether build environment is sane
configure:2057: result: yes
configure:2085: checking for a thread-safe mkdir -p
configure:2124: result: /bin/mkdir -p
configure:2137: checking for gawk
configure:2153: found /usr/bin/gawk
configure:2164: result: gawk
configure:2175: checking whether make sets $(MAKE)
configure:2196: result: yes
configure:2392: Default --exec-prefix detected.
configure:2396:   --bindir defaults to /bin
configure:2401:   --sbindir defaults to /sbin
configure:2418: checking for style of include used by make
configure:2446: result: GNU
configure:2516: checking for gcc
configure:2532: found /usr/bin/gcc
configure:2543: result: gcc
configure:2781: checking for C compiler version
configure:2788: gcc --version >&5
gcc (GCC) 4.2.4 (Ubuntu 4.2.4-1ubuntu3)
Copyright (C) 2007 Free Software Foundation, Inc.
This is free software; see the source for copying conditions.  There is NO
warranty; not even for MERCHANTABILITY or FITNESS FOR A PARTICULAR PURPOSE.

configure:2791: $? = 0
configure:2798: gcc -v >&5
Using built-in specs.
Target: x86_64-linux-gnu
Configured with: ../src/configure -v --enable-languages=c,c++,fortran,objc,obj-c++,treelang --prefix=/usr --enable-shared --with-system-zlib --libexecdir=/usr/lib --without-included-gettext --enable-threads=posix --enable-nls --with-gxx-include-dir=/usr/include/c++/4.2 --program-suffix=-4.2 --enable-clocale=gnu --enable-libstdcxx-debug --enable-objc-gc --enable-mpfr --enable-checking=release --build=x86_64-linux-gnu --host=x86_64-linux-gnu --target=x86_64-linux-gnu
Thread model: posix
gcc version 4.2.4 (Ubuntu 4.2.4-1ubuntu3)
configure:2801: $? = 0
configure:2808: gcc -V >&5
gcc: '-V' option must have argument
configure:2811: $? = 1
configure:2834: checking for C compiler default output file name
configure:2861: gcc    conftest.c  >&5
configure:2864: $? = 0
configure:2902: result: a.out
configure:2919: checking whether the C compiler works
configure:2929: ./a.out
configure:2932: $? = 0
configure:2949: result: yes
configure:2956: checking whether we are cross compiling
configure:2958: result: no
configure:2961: checking for suffix of executables
configure:2968: gcc -o conftest    conftest.c  >&5
configure:2971: $? = 0
configure:2995: result: 
configure:3001: checking for suffix of object files
configure:3027: gcc -c   conftest.c >&5
configure:3030: $? = 0
configure:3053: result: o
configure:3057: checking whether we are using the GNU C compiler
configure:3086: gcc -c   conftest.c >&5
configure:3092: $? = 0
configure:3109: result: yes
configure:3114: checking whether gcc accepts -g
configure:3144: gcc -c -g  conftest.c >&5
configure:3150: $? = 0
configure:3249: result: yes
configure:3266: checking for gcc option to accept ISO C89
configure:3340: gcc  -c -g -O2  conftest.c >&5
configure:3346: $? = 0
configure:3369: result: none needed
configure:3389: checking dependency style of gcc
configure:3480: result: gcc3
configure:3497: checking for gcc option to accept ISO C99
configure:3656: gcc  -c -g -O2  conftest.c >&5
conftest.c:60: error: expected ';', ',' or ')' before 'text'
conftest.c: In function 'main':
conftest.c:114: error: expected '=', ',', ';', 'asm' or '__attribute__' before 'newvar'
conftest.c:114: error: 'newvar' undeclared (first use in this function)
conftest.c:114: error: (Each undeclared identifier is reported only once
conftest.c:114: error: for each function it appears in.)
conftest.c:124: error: 'for' loop initial declaration used outside C99 mode
configure:3662: $? = 1
configure: failed program was:
| /* confdefs.h.  */
| #define PACKAGE_NAME "util-linux-ng"
| #define PACKAGE_TARNAME "util-linux-ng"
| #define PACKAGE_VERSION "2.13.1"
| #define PACKAGE_STRING "util-linux-ng 2.13.1"
| #define PACKAGE_BUGREPORT "kzak@redhat.com"
| #define PACKAGE "util-linux-ng"
| #define VERSION "2.13.1"
| /* end confdefs.h.  */
| #include <stdarg.h>
| #include <stdbool.h>
| #include <stdlib.h>
| #include <wchar.h>
| #include <stdio.h>
| 
| // Check varargs macros.  These examples are taken from C99 6.10.3.5.
| #define debug(...) fprintf (stderr, __VA_ARGS__)
| #define showlist(...) puts (#__VA_ARGS__)
| #define report(test,...) ((test) ? puts (#test) : printf (__VA_ARGS__))
| static void
| test_varargs_macros (void)
| {
|   int x = 1234;
|   int y = 5678;
|   debug ("Flag");
|   debug ("X = %d\n", x);
|   showlist (The first, second, and third items.);
|   report (x>y, "x is %d but y is %d", x, y);
| }
| 
| // Check long long types.
| #define BIG64 18446744073709551615ull
| #define BIG32 4294967295ul
| #define BIG_OK (BIG64 / BIG32 == 4294967297ull && BIG64 % BIG32 == 0)
| #if !BIG_OK
|   your preprocessor is broken;
| #endif
| #if BIG_OK
| #else
|   your preprocessor is broken;
| #endif
| static long long int bignum = -9223372036854775807LL;
| static unsigned long long int ubignum = BIG64;
| 
| struct incomplete_array
| {
|   int datasize;
|   double data[];
| };
| 
| struct named_init {
|   int number;
|   const wchar_t *name;
|   double average;
| };
| 
| typedef const char *ccp;
| 
| static inline int
| test_restrict (ccp restrict text)
| {
|   // See if C++-style comments work.
|   // Iterate through items via the restricted pointer.
|   // Also check for declarations in for loops.
|   for (unsigned int i = 0; *(text+i) != '\0'; ++i)
|     continue;
|   return 0;
| }
| 
| // Check varargs and va_copy.
| static void
| test_varargs (const char *format, ...)
| {
|   va_list args;
|   va_start (args, format);
|   va_list args_copy;
|   va_copy (args_copy, args);
| 
|   const char *str;
|   int number;
|   float fnumber;
| 
|   while (*format)
|     {
|       switch (*format++)
| 	{
| 	case 's': // string
| 	  str = va_arg (args_copy, const char *);
| 	  break;
| 	case 'd': // int
| 	  number = va_arg (args_copy, int);
| 	  break;
| 	case 'f': // float
| 	  fnumber = va_arg (args_copy, double);
| 	  break;
| 	default:
| 	  break;
| 	}
|     }
|   va_end (args_copy);
|   va_end (args);
| }
| 
| int
| main ()
| {
| 
|   // Check bool.
|   _Bool success = false;
| 
|   // Check restrict.
|   if (test_restrict ("String literal") == 0)
|     success = true;
|   char *restrict newvar = "Another string";
| 
|   // Check varargs.
|   test_varargs ("s, d' f .", "string", 65, 34.234);
|   test_varargs_macros ();
| 
|   // Check flexible array members.
|   struct incomplete_array *ia =
|     malloc (sizeof (struct incomplete_array) + (sizeof (double) * 10));
|   ia->datasize = 10;
|   for (int i = 0; i < ia->datasize; ++i)
|     ia->data[i] = i * 1.234;
| 
|   // Check named initializers.
|   struct named_init ni = {
|     .number = 34,
|     .name = L"Test wide string",
|     .average = 543.34343,
|   };
| 
|   ni.number = 58;
| 
|   int dynamic_array[ni.number];
|   dynamic_array[ni.number - 1] = 543;
| 
|   // work around unused variable warnings
|   return (!success || bignum == 0LL || ubignum == 0uLL || newvar[0] == 'x'
| 	  || dynamic_array[ni.number - 1] != 543);
| 
|   ;
|   return 0;
| }
configure:3656: gcc -std=gnu99 -c -g -O2  conftest.c >&5
configure:3662: $? = 0
configure:3692: result: -std=gnu99
configure:3822: checking for gcc -std=gnu99 option to accept ISO Standard C
configure:3833: result: -std=gnu99
configure:3847: checking for perl
configure:3865: found /usr/bin/perl
configure:3877: result: /usr/bin/perl
configure:3887: checking for blkid
configure:3906: found /sbin/blkid
configure:3918: result: /sbin/blkid
configure:3928: checking for vol_id
configure:3947: found /sbin/vol_id
configure:3959: result: /sbin/vol_id
configure:3976: checking for special C compiler options needed for large files
configure:4069: result: no
configure:4075: checking for _FILE_OFFSET_BITS value needed for large files
configure:4110: gcc -std=gnu99 -c -g -O2  conftest.c >&5
configure:4116: $? = 0
configure:4184: result: no
configure:4325: checking for linux/compiler.h
configure:4350: gcc -std=gnu99 -c -g -O2  conftest.c >&5
conftest.c:17:28: error: linux/compiler.h: No such file or directory
configure:4356: $? = 1
configure: failed program was:
| /* confdefs.h.  */
| #define PACKAGE_NAME "util-linux-ng"
| #define PACKAGE_TARNAME "util-linux-ng"
| #define PACKAGE_VERSION "2.13.1"
| #define PACKAGE_STRING "util-linux-ng 2.13.1"
| #define PACKAGE_BUGREPORT "kzak@redhat.com"
| #define PACKAGE "util-linux-ng"
| #define VERSION "2.13.1"
| #define _GNU_SOURCE 1
| /* end confdefs.h.  */
| 
| #ifdef HAVE_LINUX_COMPILER_H
| #include <linux/compiler.h>
| #endif
| 
| 
| #include <linux/compiler.h>
configure:4372: result: no
configure:4325: checking for linux/blkpg.h
configure:4350: gcc -std=gnu99 -c -g -O2  conftest.c >&5
configure:4356: $? = 0
configure:4372: result: yes
configure:4388: checking how to run the C preprocessor
configure:4428: gcc -std=gnu99 -E  conftest.c
configure:4434: $? = 0
configure:4465: gcc -std=gnu99 -E  conftest.c
conftest.c:12:28: error: ac_nonexistent.h: No such file or directory
configure:4471: $? = 1
configure: failed program was:
| /* confdefs.h.  */
| #define PACKAGE_NAME "util-linux-ng"
| #define PACKAGE_TARNAME "util-linux-ng"
| #define PACKAGE_VERSION "2.13.1"
| #define PACKAGE_STRING "util-linux-ng 2.13.1"
| #define PACKAGE_BUGREPORT "kzak@redhat.com"
| #define PACKAGE "util-linux-ng"
| #define VERSION "2.13.1"
| #define _GNU_SOURCE 1
| #define HAVE_LINUX_BLKPG_H 1
| /* end confdefs.h.  */
| #include <ac_nonexistent.h>
configure:4504: result: gcc -std=gnu99 -E
configure:4533: gcc -std=gnu99 -E  conftest.c
configure:4539: $? = 0
configure:4570: gcc -std=gnu99 -E  conftest.c
conftest.c:12:28: error: ac_nonexistent.h: No such file or directory
configure:4576: $? = 1
configure: failed program was:
| /* confdefs.h.  */
| #define PACKAGE_NAME "util-linux-ng"
| #define PACKAGE_TARNAME "util-linux-ng"
| #define PACKAGE_VERSION "2.13.1"
| #define PACKAGE_STRING "util-linux-ng 2.13.1"
| #define PACKAGE_BUGREPORT "kzak@redhat.com"
| #define PACKAGE "util-linux-ng"
| #define VERSION "2.13.1"
| #define _GNU_SOURCE 1
| #define HAVE_LINUX_BLKPG_H 1
| /* end confdefs.h.  */
| #include <ac_nonexistent.h>
configure:4614: checking for grep that handles long lines and -e
configure:4688: result: /bin/grep
configure:4693: checking for egrep
configure:4771: result: /bin/grep -E
configure:4776: checking for ANSI C header files
configure:4806: gcc -std=gnu99 -c -g -O2  conftest.c >&5
configure:4812: $? = 0
configure:4911: gcc -std=gnu99 -o conftest -g -O2   conftest.c  >&5
configure:4914: $? = 0
configure:4920: ./conftest
configure:4923: $? = 0
configure:4940: result: yes
configure:4964: checking for sys/types.h
configure:4985: gcc -std=gnu99 -c -g -O2  conftest.c >&5
configure:4991: $? = 0
configure:5007: result: yes
configure:4964: checking for sys/stat.h
configure:4985: gcc -std=gnu99 -c -g -O2  conftest.c >&5
configure:4991: $? = 0
configure:5007: result: yes
configure:4964: checking for stdlib.h
configure:4985: gcc -std=gnu99 -c -g -O2  conftest.c >&5
configure:4991: $? = 0
configure:5007: result: yes
configure:4964: checking for string.h
configure:4985: gcc -std=gnu99 -c -g -O2  conftest.c >&5
configure:4991: $? = 0
configure:5007: result: yes
configure:4964: checking for memory.h
configure:4985: gcc -std=gnu99 -c -g -O2  conftest.c >&5
configure:4991: $? = 0
configure:5007: result: yes
configure:4964: checking for strings.h
configure:4985: gcc -std=gnu99 -c -g -O2  conftest.c >&5
configure:4991: $? = 0
configure:5007: result: yes
configure:4964: checking for inttypes.h
configure:4985: gcc -std=gnu99 -c -g -O2  conftest.c >&5
configure:4991: $? = 0
configure:5007: result: yes
configure:4964: checking for stdint.h
configure:4985: gcc -std=gnu99 -c -g -O2  conftest.c >&5
configure:4991: $? = 0
configure:5007: result: yes
configure:4964: checking for unistd.h
configure:4985: gcc -std=gnu99 -c -g -O2  conftest.c >&5
configure:4991: $? = 0
configure:5007: result: yes
configure:5046: checking scsi/scsi.h usability
configure:5063: gcc -std=gnu99 -c -g -O2  conftest.c >&5
configure:5069: $? = 0
configure:5083: result: yes
configure:5087: checking scsi/scsi.h presence
configure:5102: gcc -std=gnu99 -E  conftest.c
configure:5108: $? = 0
configure:5122: result: yes
configure:5155: checking for scsi/scsi.h
configure:5163: result: yes
configure:5046: checking langinfo.h usability
configure:5063: gcc -std=gnu99 -c -g -O2  conftest.c >&5
configure:5069: $? = 0
configure:5083: result: yes
configure:5087: checking langinfo.h presence
configure:5102: gcc -std=gnu99 -E  conftest.c
configure:5108: $? = 0
configure:5122: result: yes
configure:5155: checking for langinfo.h
configure:5163: result: yes
configure:5046: checking locale.h usability
configure:5063: gcc -std=gnu99 -c -g -O2  conftest.c >&5
configure:5069: $? = 0
configure:5083: result: yes
configure:5087: checking locale.h presence
configure:5102: gcc -std=gnu99 -E  conftest.c
configure:5108: $? = 0
configure:5122: result: yes
configure:5155: checking for locale.h
configure:5163: result: yes
configure:5046: checking sys/user.h usability
configure:5063: gcc -std=gnu99 -c -g -O2  conftest.c >&5
configure:5069: $? = 0
configure:5083: result: yes
configure:5087: checking sys/user.h presence
configure:5102: gcc -std=gnu99 -E  conftest.c
configure:5108: $? = 0
configure:5122: result: yes
configure:5155: checking for sys/user.h
configure:5163: result: yes
configure:5046: checking rpcsvc/nfs_prot.h usability
configure:5063: gcc -std=gnu99 -c -g -O2  conftest.c >&5
configure:5069: $? = 0
configure:5083: result: yes
configure:5087: checking rpcsvc/nfs_prot.h presence
configure:5102: gcc -std=gnu99 -E  conftest.c
configure:5108: $? = 0
configure:5122: result: yes
configure:5155: checking for rpcsvc/nfs_prot.h
configure:5163: result: yes
configure:5046: checking sys/io.h usability
configure:5063: gcc -std=gnu99 -c -g -O2  conftest.c >&5
configure:5069: $? = 0
configure:5083: result: yes
configure:5087: checking sys/io.h presence
configure:5102: gcc -std=gnu99 -E  conftest.c
configure:5108: $? = 0
configure:5122: result: yes
configure:5155: checking for sys/io.h
configure:5163: result: yes
configure:5046: checking pty.h usability
configure:5063: gcc -std=gnu99 -c -g -O2  conftest.c >&5
configure:5069: $? = 0
configure:5083: result: yes
configure:5087: checking pty.h presence
configure:5102: gcc -std=gnu99 -E  conftest.c
configure:5108: $? = 0
configure:5122: result: yes
configure:5155: checking for pty.h
configure:5163: result: yes
configure:5191: checking linux/raw.h usability
configure:5208: gcc -std=gnu99 -c -g -O2  conftest.c >&5
configure:5214: $? = 0
configure:5228: result: yes
configure:5232: checking linux/raw.h presence
configure:5247: gcc -std=gnu99 -E  conftest.c
configure:5253: $? = 0
configure:5267: result: yes
configure:5300: checking for linux/raw.h
configure:5308: result: yes
configure:5356: checking for inet_aton
configure:5412: gcc -std=gnu99 -o conftest -g -O2   conftest.c  >&5
configure:5418: $? = 0
configure:5436: result: yes
configure:5356: checking for fsync
configure:5412: gcc -std=gnu99 -o conftest -g -O2   conftest.c  >&5
configure:5418: $? = 0
configure:5436: result: yes
configure:5356: checking for getdomainname
configure:5412: gcc -std=gnu99 -o conftest -g -O2   conftest.c  >&5
configure:5418: $? = 0
configure:5436: result: yes
configure:5356: checking for nanosleep
configure:5412: gcc -std=gnu99 -o conftest -g -O2   conftest.c  >&5
configure:5418: $? = 0
configure:5436: result: yes
configure:5356: checking for personality
configure:5412: gcc -std=gnu99 -o conftest -g -O2   conftest.c  >&5
configure:5418: $? = 0
configure:5436: result: yes
configure:5356: checking for updwtmp
configure:5412: gcc -std=gnu99 -o conftest -g -O2   conftest.c  >&5
configure:5418: $? = 0
configure:5436: result: yes
configure:5356: checking for lchown
configure:5412: gcc -std=gnu99 -o conftest -g -O2   conftest.c  >&5
configure:5418: $? = 0
configure:5436: result: yes
configure:5356: checking for rpmatch
configure:5412: gcc -std=gnu99 -o conftest -g -O2   conftest.c  >&5
configure:5418: $? = 0
configure:5436: result: yes
configure:5446: checking for _LARGEFILE_SOURCE value needed for large files
configure:5475: gcc -std=gnu99 -o conftest -g -O2   conftest.c  >&5
configure:5481: $? = 0
configure:5547: result: no
configure:5576: checking for uuid_is_null in -luuid
configure:5611: gcc -std=gnu99 -o conftest -g -O2   conftest.c -luuid   >&5
/usr/bin/ld: cannot find -luuid
collect2: ld returned 1 exit status
configure:5617: $? = 1
configure: failed program was:
| /* confdefs.h.  */
| #define PACKAGE_NAME "util-linux-ng"
| #define PACKAGE_TARNAME "util-linux-ng"
| #define PACKAGE_VERSION "2.13.1"
| #define PACKAGE_STRING "util-linux-ng 2.13.1"
| #define PACKAGE_BUGREPORT "kzak@redhat.com"
| #define PACKAGE "util-linux-ng"
| #define VERSION "2.13.1"
| #define _GNU_SOURCE 1
| #define HAVE_LINUX_BLKPG_H 1
| #define STDC_HEADERS 1
| #define HAVE_SYS_TYPES_H 1
| #define HAVE_SYS_STAT_H 1
| #define HAVE_STDLIB_H 1
| #define HAVE_STRING_H 1
| #define HAVE_MEMORY_H 1
| #define HAVE_STRINGS_H 1
| #define HAVE_INTTYPES_H 1
| #define HAVE_STDINT_H 1
| #define HAVE_UNISTD_H 1
| #define HAVE_SCSI_SCSI_H 1
| #define HAVE_LANGINFO_H 1
| #define HAVE_LOCALE_H 1
| #define HAVE_SYS_USER_H 1
| #define HAVE_RPCSVC_NFS_PROT_H 1
| #define HAVE_SYS_IO_H 1
| #define HAVE_PTY_H 1
| #define HAVE_LINUX_RAW_H 1
| #define HAVE_INET_ATON 1
| #define HAVE_FSYNC 1
| #define HAVE_GETDOMAINNAME 1
| #define HAVE_NANOSLEEP 1
| #define HAVE_PERSONALITY 1
| #define HAVE_UPDWTMP 1
| #define HAVE_LCHOWN 1
| #define HAVE_RPMATCH 1
| #define HAVE_FSEEKO 1
| /* end confdefs.h.  */
| 
| /* Override any GCC internal prototype to avoid an error.
|    Use char because int might match the return type of a GCC
|    builtin and then its argument prototype would still apply.  */
| #ifdef __cplusplus
| extern "C"
| #endif
| char uuid_is_null ();
| int
| main ()
| {
| return uuid_is_null ();
|   ;
|   return 0;
| }
configure:5635: result: no
configure:5658: WARNING: uuid library is not found; mkswap(8) will not generate UUIDs
configure:5665: checking for openpty in -lutil
configure:5700: gcc -std=gnu99 -o conftest -g -O2   conftest.c -lutil   >&5
configure:5706: $? = 0
configure:5724: result: yes
configure:5749: checking for tgetnum in -ltermcap
configure:5784: gcc -std=gnu99 -o conftest -g -O2   conftest.c -ltermcap  -lutil  >&5
configure:5790: $? = 0
configure:5808: result: yes
configure:5864: checking for blkid_known_fstype in -lblkid
configure:5899: gcc -std=gnu99 -o conftest -g -O2   conftest.c -lblkid  -ltermcap -lutil  >&5
/usr/bin/ld: cannot find -lblkid
collect2: ld returned 1 exit status
configure:5905: $? = 1
configure: failed program was:
| /* confdefs.h.  */
| #define PACKAGE_NAME "util-linux-ng"
| #define PACKAGE_TARNAME "util-linux-ng"
| #define PACKAGE_VERSION "2.13.1"
| #define PACKAGE_STRING "util-linux-ng 2.13.1"
| #define PACKAGE_BUGREPORT "kzak@redhat.com"
| #define PACKAGE "util-linux-ng"
| #define VERSION "2.13.1"
| #define _GNU_SOURCE 1
| #define HAVE_LINUX_BLKPG_H 1
| #define STDC_HEADERS 1
| #define HAVE_SYS_TYPES_H 1
| #define HAVE_SYS_STAT_H 1
| #define HAVE_STDLIB_H 1
| #define HAVE_STRING_H 1
| #define HAVE_MEMORY_H 1
| #define HAVE_STRINGS_H 1
| #define HAVE_INTTYPES_H 1
| #define HAVE_STDINT_H 1
| #define HAVE_UNISTD_H 1
| #define HAVE_SCSI_SCSI_H 1
| #define HAVE_LANGINFO_H 1
| #define HAVE_LOCALE_H 1
| #define HAVE_SYS_USER_H 1
| #define HAVE_RPCSVC_NFS_PROT_H 1
| #define HAVE_SYS_IO_H 1
| #define HAVE_PTY_H 1
| #define HAVE_LINUX_RAW_H 1
| #define HAVE_INET_ATON 1
| #define HAVE_FSYNC 1
| #define HAVE_GETDOMAINNAME 1
| #define HAVE_NANOSLEEP 1
| #define HAVE_PERSONALITY 1
| #define HAVE_UPDWTMP 1
| #define HAVE_LCHOWN 1
| #define HAVE_RPMATCH 1
| #define HAVE_FSEEKO 1
| #define HAVE_LIBUTIL 1
| #define HAVE_LIBTERMCAP 1
| /* end confdefs.h.  */
| 
| /* Override any GCC internal prototype to avoid an error.
|    Use char because int might match the return type of a GCC
|    builtin and then its argument prototype would still apply.  */
| #ifdef __cplusplus
| extern "C"
| #endif
| char blkid_known_fstype ();
| int
| main ()
| {
| return blkid_known_fstype ();
|   ;
|   return 0;
| }
configure:5923: result: no
configure:6033: error: blkid or volume_id is needed to build util-linux-ng.

## ---------------- ##
## Cache variables. ##
## ---------------- ##

ac_cv_c_compiler_gnu=yes
ac_cv_env_CC_set=
ac_cv_env_CC_value=
ac_cv_env_CFLAGS_set=
ac_cv_env_CFLAGS_value=
ac_cv_env_CPPFLAGS_set=
ac_cv_env_CPPFLAGS_value=
ac_cv_env_CPP_set=
ac_cv_env_CPP_value=
ac_cv_env_LDFLAGS_set=
ac_cv_env_LDFLAGS_value=
ac_cv_env_LIBS_set=
ac_cv_env_LIBS_value=
ac_cv_env_SUID_CFLAGS_set=
ac_cv_env_SUID_CFLAGS_value=
ac_cv_env_SUID_LDFLAGS_set=
ac_cv_env_SUID_LDFLAGS_value=
ac_cv_env_build_alias_set=
ac_cv_env_build_alias_value=
ac_cv_env_host_alias_set=
ac_cv_env_host_alias_value=
ac_cv_env_target_alias_set=
ac_cv_env_target_alias_value=
ac_cv_func_fsync=yes
ac_cv_func_getdomainname=yes
ac_cv_func_inet_aton=yes
ac_cv_func_lchown=yes
ac_cv_func_nanosleep=yes
ac_cv_func_personality=yes
ac_cv_func_rpmatch=yes
ac_cv_func_updwtmp=yes
ac_cv_header_inttypes_h=yes
ac_cv_header_langinfo_h=yes
ac_cv_header_linux_blkpg_h=yes
ac_cv_header_linux_compiler_h=no
ac_cv_header_linux_raw_h=yes
ac_cv_header_locale_h=yes
ac_cv_header_memory_h=yes
ac_cv_header_pty_h=yes
ac_cv_header_rpcsvc_nfs_prot_h=yes
ac_cv_header_scsi_scsi_h=yes
ac_cv_header_stdc=yes
ac_cv_header_stdint_h=yes
ac_cv_header_stdlib_h=yes
ac_cv_header_string_h=yes
ac_cv_header_strings_h=yes
ac_cv_header_sys_io_h=yes
ac_cv_header_sys_stat_h=yes
ac_cv_header_sys_types_h=yes
ac_cv_header_sys_user_h=yes
ac_cv_header_unistd_h=yes
ac_cv_lib_blkid_blkid_known_fstype=no
ac_cv_lib_termcap_tgetnum=yes
ac_cv_lib_util_openpty=yes
ac_cv_lib_uuid_uuid_is_null=no
ac_cv_objext=o
ac_cv_path_BLKID=/sbin/blkid
ac_cv_path_EGREP='/bin/grep -E'
ac_cv_path_GREP=/bin/grep
ac_cv_path_PERL=/usr/bin/perl
ac_cv_path_VOLID=/sbin/vol_id
ac_cv_path_install='/usr/bin/install -c'
ac_cv_path_mkdir=/bin/mkdir
ac_cv_prog_AWK=gawk
ac_cv_prog_CPP='gcc -std=gnu99 -E'
ac_cv_prog_ac_ct_CC=gcc
ac_cv_prog_cc_c89=
ac_cv_prog_cc_c99=-std=gnu99
ac_cv_prog_cc_g=yes
ac_cv_prog_cc_stdc=-std=gnu99
ac_cv_prog_make_make_set=yes
ac_cv_sys_file_offset_bits=no
ac_cv_sys_largefile_CC=no
ac_cv_sys_largefile_source=no
am_cv_CC_dependencies_compiler_type=gcc3

## ----------------- ##
## Output variables. ##
## ----------------- ##

ACLOCAL='${SHELL} /home/luo/src/util-linux-2.13.1/config/missing --run aclocal-1.10'
AMDEPBACKSLASH='\'
AMDEP_FALSE='#'
AMDEP_TRUE=''
AMTAR='${SHELL} /home/luo/src/util-linux-2.13.1/config/missing --run tar'
ARCH_86_64_FALSE=''
ARCH_86_64_TRUE=''
ARCH_HPPA_FALSE=''
ARCH_HPPA_TRUE=''
ARCH_I86_FALSE=''
ARCH_I86_TRUE=''
ARCH_IA64_FALSE=''
ARCH_IA64_TRUE=''
ARCH_M68K_FALSE=''
ARCH_M68K_TRUE=''
ARCH_MIPS_FALSE=''
ARCH_MIPS_TRUE=''
ARCH_PPC_FALSE=''
ARCH_PPC_TRUE=''
ARCH_S390_FALSE=''
ARCH_S390_TRUE=''
ARCH_SPARC_FALSE=''
ARCH_SPARC_TRUE=''
AUTOCONF='${SHELL} /home/luo/src/util-linux-2.13.1/config/missing --run autoconf'
AUTOHEADER='${SHELL} /home/luo/src/util-linux-2.13.1/config/missing --run autoheader'
AUTOMAKE='${SHELL} /home/luo/src/util-linux-2.13.1/config/missing --run automake-1.10'
AWK='gawk'
BLKID='/sbin/blkid'
BUILD_AGETTY_FALSE=''
BUILD_AGETTY_TRUE=''
BUILD_ARCH_FALSE=''
BUILD_ARCH_TRUE=''
BUILD_CRAMFS_FALSE=''
BUILD_CRAMFS_TRUE=''
BUILD_ELVTUNE_FALSE=''
BUILD_ELVTUNE_TRUE=''
BUILD_INIT_FALSE=''
BUILD_INIT_TRUE=''
BUILD_KILL_FALSE=''
BUILD_KILL_TRUE=''
BUILD_LAST_FALSE=''
BUILD_LAST_TRUE=''
BUILD_LOGIN_UTILS_FALSE=''
BUILD_LOGIN_UTILS_TRUE=''
BUILD_MESG_FALSE=''
BUILD_MESG_TRUE=''
BUILD_PARTX_FALSE=''
BUILD_PARTX_TRUE=''
BUILD_RAW_FALSE=''
BUILD_RAW_TRUE=''
BUILD_RDEV_FALSE=''
BUILD_RDEV_TRUE=''
BUILD_RENAME_FALSE=''
BUILD_RENAME_TRUE=''
BUILD_RESET_FALSE=''
BUILD_RESET_TRUE=''
BUILD_SCHEDUTILS_FALSE=''
BUILD_SCHEDUTILS_TRUE=''
BUILD_WALL_FALSE=''
BUILD_WALL_TRUE=''
BUILD_WRITE_FALSE=''
BUILD_WRITE_TRUE=''
CC='gcc -std=gnu99'
CCDEPMODE='depmode=gcc3'
CFLAGS='-g -O2'
CPP='gcc -std=gnu99 -E'
CPPFLAGS=''
CYGPATH_W='echo'
DEFS=''
DEPDIR='.deps'
ECHO_C=''
ECHO_N='-n'
ECHO_T=''
EGREP='/bin/grep -E'
EXEEXT=''
GMSGFMT=''
GREP='/bin/grep'
HAVE_AUDIT_FALSE=''
HAVE_AUDIT_TRUE=''
HAVE_BLKID_FALSE=''
HAVE_BLKID_TRUE='#'
HAVE_NCURSES_FALSE=''
HAVE_NCURSES_TRUE=''
HAVE_PAM_FALSE=''
HAVE_PAM_TRUE=''
HAVE_PIVOT_ROOT_FALSE=''
HAVE_PIVOT_ROOT_TRUE=''
HAVE_RAW_FALSE='#'
HAVE_RAW_TRUE=''
HAVE_SCHED_GETAFFINITY_FALSE=''
HAVE_SCHED_GETAFFINITY_TRUE=''
HAVE_SELINUX_FALSE=''
HAVE_SELINUX_TRUE=''
HAVE_TERMCAP_FALSE='#'
HAVE_TERMCAP_TRUE=''
HAVE_TINFO_FALSE=''
HAVE_TINFO_TRUE=''
HAVE_UTIL_FALSE='#'
HAVE_UTIL_TRUE=''
HAVE_UUID_FALSE=''
HAVE_UUID_TRUE='#'
HAVE_VOLUME_ID_FALSE=''
HAVE_VOLUME_ID_TRUE='#'
INSTALL_DATA='${INSTALL} -m 644'
INSTALL_PROGRAM='${INSTALL}'
INSTALL_SCRIPT='${INSTALL}'
INSTALL_STRIP_PROGRAM='$(install_sh) -c -s'
INTLLIBS=''
LDFLAGS=''
LIBICONV=''
LIBINTL=''
LIBOBJS=''
LIBS='-ltermcap -lutil '
LTLIBICONV=''
LTLIBINTL=''
LTLIBOBJS=''
MAKEINFO='${SHELL} /home/luo/src/util-linux-2.13.1/config/missing --run makeinfo'
MAKEINSTALL_DO_CHOWN_FALSE=''
MAKEINSTALL_DO_CHOWN_TRUE=''
MKINSTALLDIRS=''
MSGFMT=''
MSGMERGE=''
NEED_LIBCRYPT_FALSE=''
NEED_LIBCRYPT_TRUE=''
OBJEXT='o'
PACKAGE='util-linux-ng'
PACKAGE_BUGREPORT='kzak@redhat.com'
PACKAGE_NAME='util-linux-ng'
PACKAGE_STRING='util-linux-ng 2.13.1'
PACKAGE_TARNAME='util-linux-ng'
PACKAGE_VERSION='2.13.1'
PATH_SEPARATOR=':'
PERL='/usr/bin/perl'
POSUB=''
SET_MAKE=''
SHELL='/bin/bash'
STRIP=''
SUID_CFLAGS=''
SUID_LDFLAGS=''
USE_NLS=''
USE_SLANG_FALSE=''
USE_SLANG_TRUE=''
USE_TTY_GROUP_FALSE=''
USE_TTY_GROUP_TRUE=''
VERSION='2.13.1'
VOLID='/sbin/vol_id'
XGETTEXT=''
ac_ct_CC='gcc'
am__fastdepCC_FALSE='#'
am__fastdepCC_TRUE=''
am__include='include'
am__isrc=''
am__leading_dot='.'
am__quote=''
am__tar='${AMTAR} chof - "$$tardir"'
am__untar='${AMTAR} xf -'
bindir='/bin'
build=''
build_alias=''
build_cpu=''
build_os=''
build_vendor=''
datadir='${datarootdir}'
datarootdir='${prefix}/share'
docdir='${datarootdir}/doc/${PACKAGE_TARNAME}'
dvidir='${docdir}'
exec_prefix='NONE'
host=''
host_alias=''
host_cpu=''
host_os=''
host_vendor=''
htmldir='${docdir}'
includedir='${prefix}/include'
infodir='${datarootdir}/info'
install_sh='$(SHELL) /home/luo/src/util-linux-2.13.1/config/install-sh'
libdir='${exec_prefix}/lib'
libexecdir='${exec_prefix}/libexec'
localedir='${datarootdir}/locale'
localstatedir='${prefix}/var'
mandir='${datarootdir}/man'
mkdir_p='/bin/mkdir -p'
oldincludedir='/usr/include'
pdfdir='${docdir}'
prefix='NONE'
program_transform_name='s,x,x,'
psdir='${docdir}'
sbindir='/sbin'
sharedstatedir='${prefix}/com'
sysconfdir='${prefix}/etc'
target_alias=''

## ----------- ##
## confdefs.h. ##
## ----------- ##

#define PACKAGE_NAME "util-linux-ng"
#define PACKAGE_TARNAME "util-linux-ng"
#define PACKAGE_VERSION "2.13.1"
#define PACKAGE_STRING "util-linux-ng 2.13.1"
#define PACKAGE_BUGREPORT "kzak@redhat.com"
#define PACKAGE "util-linux-ng"
#define VERSION "2.13.1"
#define _GNU_SOURCE 1
#define HAVE_LINUX_BLKPG_H 1
#define STDC_HEADERS 1
#define HAVE_SYS_TYPES_H 1
#define HAVE_SYS_STAT_H 1
#define HAVE_STDLIB_H 1
#define HAVE_STRING_H 1
#define HAVE_MEMORY_H 1
#define HAVE_STRINGS_H 1
#define HAVE_INTTYPES_H 1
#define HAVE_STDINT_H 1
#define HAVE_UNISTD_H 1
#define HAVE_SCSI_SCSI_H 1
#define HAVE_LANGINFO_H 1
#define HAVE_LOCALE_H 1
#define HAVE_SYS_USER_H 1
#define HAVE_RPCSVC_NFS_PROT_H 1
#define HAVE_SYS_IO_H 1
#define HAVE_PTY_H 1
#define HAVE_LINUX_RAW_H 1
#define HAVE_INET_ATON 1
#define HAVE_FSYNC 1
#define HAVE_GETDOMAINNAME 1
#define HAVE_NANOSLEEP 1
#define HAVE_PERSONALITY 1
#define HAVE_UPDWTMP 1
#define HAVE_LCHOWN 1
#define HAVE_RPMATCH 1
#define HAVE_FSEEKO 1
#define HAVE_LIBUTIL 1
#define HAVE_LIBTERMCAP 1

configure: exit 1
